<?xml version="1.0" encoding="UTF-8"?>
<!-- Generated by org.testng.reporters.JUnitReportReporter -->
<testsuite hostname="DESKTOP-A3145QO" failures="0" tests="1" name="package17_ExtendReports.A01_ExtendReports" time="1.286" errors="0" timestamp="2024-07-16T10:41:34 IST" skipped="0">
  <testcase classname="package17_ExtendReports.A01_ExtendReports" name="testReport" time="1.286"/>
  <system-out/>
</testsuite> <!-- package17_ExtendReports.A01_ExtendReports -->
