<?xml version="1.0" encoding="UTF-8"?>
<!-- Generated by org.testng.reporters.JUnitReportReporter -->
<testsuite hostname="DESKTOP-A3145QO" failures="0" tests="1" name="package15_FullScreenShot.A01_FullScreenshot1" time="16.366" errors="0" timestamp="2024-07-09T18:44:49 IST" skipped="0">
  <testcase classname="package15_FullScreenShot.A01_FullScreenshot1" name="takeScreenshot" time="16.366"/>
  <system-out/>
</testsuite> <!-- package15_FullScreenShot.A01_FullScreenshot1 -->
