<?xml version="1.0" encoding="UTF-8"?>
<!-- Generated by org.testng.reporters.JUnitReportReporter -->
<testsuite hostname="DESKTOP-A3145QO" failures="0" tests="2" name="package01_TestNGDemo.A01_Priority" time="7.507" errors="0" timestamp="2024-06-17T18:37:24 IST" skipped="0">
  <testcase classname="package01_TestNGDemo.A01_Priority" name="signIN" time="6.695"/>
  <system-out/>
  <testcase classname="package01_TestNGDemo.A01_Priority" name="loginIN" time="0.812"/>
  <system-out/>
</testsuite> <!-- package01_TestNGDemo.A01_Priority -->
