<?xml version="1.0" encoding="UTF-8"?>
<!-- Generated by org.testng.reporters.JUnitReportReporter -->
<testsuite hostname="DESKTOP-A3145QO" failures="0" tests="3" name="package09_ParallelExecution.A01_ParallelExeBrowsers" time="36.303" errors="0" timestamp="2024-07-03T09:33:21 IST" skipped="0">
  <testcase classname="package09_ParallelExecution.A01_ParallelExeBrowsers" name="googleTest" time="9.725"/>
  <system-out/>
  <testcase classname="package09_ParallelExecution.A01_ParallelExeBrowsers" name="edgeTest" time="9.537"/>
  <system-out/>
  <testcase classname="package09_ParallelExecution.A01_ParallelExeBrowsers" name="firefoxTest" time="17.041"/>
  <system-out/>
</testsuite> <!-- package09_ParallelExecution.A01_ParallelExeBrowsers -->
