<?xml version="1.0" encoding="UTF-8"?>
<!-- Generated by org.testng.reporters.JUnitReportReporter -->
<testsuite hostname="DESKTOP-A3145QO" failures="0" tests="2" name="package01_TestNGDemo.A06_Enabled" time="0.018" errors="0" timestamp="2024-06-18T17:59:12 IST" skipped="1">
  <testcase classname="package01_TestNGDemo.A06_Enabled" name="logINTC" time="0.018"/>
  <system-out/>
  <testcase classname="package01_TestNGDemo.A06_Enabled" name="registrationTC">
    <skipped/>
  </testcase> <!-- registrationTC -->
  <system-out/>
</testsuite> <!-- package01_TestNGDemo.A06_Enabled -->
