<?xml version="1.0" encoding="UTF-8"?>
<!-- Generated by org.testng.reporters.JUnitReportReporter -->
<testsuite hostname="DESKTOP-A3145QO" failures="0" tests="2" name="package04_TestngRealTime_1.A02_CRMTest" time="1.820" errors="0" timestamp="2024-06-27T09:07:00 IST" skipped="0">
  <testcase classname="package04_TestngRealTime_1.A02_CRMTest" name="signIN" time="1.073"/>
  <system-out/>
  <testcase classname="package04_TestngRealTime_1.A02_CRMTest" name="logIN" time="0.747"/>
  <system-out/>
</testsuite> <!-- package04_TestngRealTime_1.A02_CRMTest -->
