<?xml version="1.0" encoding="UTF-8"?>
<!-- Generated by org.testng.reporters.JUnitReportReporter -->
<testsuite hostname="DESKTOP-A3145QO" failures="0" tests="5" name="package01_TestNGDemo.A02_Description" time="0.046" errors="0" timestamp="2024-06-17T18:50:28 IST" skipped="0">
  <testcase classname="package01_TestNGDemo.A02_Description" name="registrationTC" time="0.022"/>
  <system-out/>
  <testcase classname="package01_TestNGDemo.A02_Description" name="logINTC" time="0.007"/>
  <system-out/>
  <testcase classname="package01_TestNGDemo.A02_Description" name="searchTC" time="0.007"/>
  <system-out/>
  <testcase classname="package01_TestNGDemo.A02_Description" name="addToCartTC" time="0.004"/>
  <system-out/>
  <testcase classname="package01_TestNGDemo.A02_Description" name="logoutTC" time="0.006"/>
  <system-out/>
</testsuite> <!-- package01_TestNGDemo.A02_Description -->
