<?xml version="1.0" encoding="UTF-8"?>
<!-- Generated by org.testng.reporters.JUnitReportReporter -->
<testsuite hostname="DESKTOP-A3145QO" failures="0" tests="4" name="package01_TestNGDemo.A08_Groups" time="0.027" errors="0" timestamp="2024-06-18T18:58:47 IST" skipped="0">
  <testcase classname="package01_TestNGDemo.A08_Groups" name="logINTC" time="0.016"/>
  <system-out/>
  <testcase classname="package01_TestNGDemo.A08_Groups" name="logoutTC" time="0.003"/>
  <system-out/>
  <testcase classname="package01_TestNGDemo.A08_Groups" name="search" time="0.005"/>
  <system-out/>
  <testcase classname="package01_TestNGDemo.A08_Groups" name="ibmme" time="0.003"/>
  <system-out/>
</testsuite> <!-- package01_TestNGDemo.A08_Groups -->
