<?xml version="1.0" encoding="UTF-8"?>
<!-- Generated by org.testng.reporters.JUnitReportReporter -->
<testsuite hostname="DESKTOP-A3145QO" failures="0" tests="3" name="package02_TestngAnnotations.A01_BeforeMethod" time="0.066" errors="0" timestamp="2024-06-19T20:48:20 IST" skipped="0">
  <testcase classname="package02_TestngAnnotations.A01_BeforeMethod" name="registrationTC" time="0.014"/>
  <system-out/>
  <testcase classname="package02_TestngAnnotations.A01_BeforeMethod" name="logINTC" time="0.037"/>
  <system-out/>
  <testcase classname="package02_TestngAnnotations.A01_BeforeMethod" name="searchTC" time="0.015"/>
  <system-out/>
</testsuite> <!-- package02_TestngAnnotations.A01_BeforeMethod -->
