<?xml version="1.0" encoding="UTF-8"?>
<!-- Generated by org.testng.reporters.JUnitReportReporter -->
<testsuite hostname="DESKTOP-A3145QO" failures="0" tests="1" name="package01_TestNGDemo.A07_EnabledXml" time="0.023" errors="0" timestamp="2024-06-18T18:16:02 IST" skipped="0">
  <testcase classname="package01_TestNGDemo.A07_EnabledXml" name="addToCartTC" time="0.023"/>
  <system-out/>
</testsuite> <!-- package01_TestNGDemo.A07_EnabledXml -->
