<?xml version="1.0" encoding="UTF-8"?>
<!-- Generated by org.testng.reporters.JUnitReportReporter -->
<testsuite hostname="DESKTOP-A3145QO" failures="0" tests="1" name="package13_DataproviderXcel.A02_ExcelRead2" time="1.564" errors="0" timestamp="2024-07-06T20:45:44 IST" skipped="0">
  <testcase classname="package13_DataproviderXcel.A02_ExcelRead2" name="readData" time="1.564"/>
  <system-out/>
</testsuite> <!-- package13_DataproviderXcel.A02_ExcelRead2 -->
