<?xml version="1.0" encoding="UTF-8"?>
<!-- Generated by org.testng.reporters.JUnitReportReporter -->
<testsuite hostname="DESKTOP-A3145QO" failures="0" tests="4" name="package12_DataProviderArray.A01_DataprovideArray" time="0.037" errors="0" timestamp="2024-07-06T18:57:12 IST" skipped="0">
  <testcase classname="package12_DataProviderArray.A01_DataprovideArray" name="doLogin" time="0.004"/>
  <system-out/>
  <testcase classname="package12_DataProviderArray.A01_DataprovideArray" name="doLogin" time="0.009"/>
  <system-out/>
  <testcase classname="package12_DataProviderArray.A01_DataprovideArray" name="doLogin" time="0.016"/>
  <system-out/>
  <testcase classname="package12_DataProviderArray.A01_DataprovideArray" name="doLogin" time="0.008"/>
  <system-out/>
</testsuite> <!-- package12_DataProviderArray.A01_DataprovideArray -->
