<?xml version="1.0" encoding="UTF-8"?>
<!-- Generated by org.testng.reporters.JUnitReportReporter -->
<testsuite hostname="DESKTOP-A3145QO" failures="0" tests="4" name="package12_DataProviderArray.A02_DataproviderArray1" time="0.025" errors="0" timestamp="2024-07-06T19:03:04 IST" skipped="0">
  <testcase classname="package12_DataProviderArray.A02_DataproviderArray1" name="doLogin" time="0.005"/>
  <system-out/>
  <testcase classname="package12_DataProviderArray.A02_DataproviderArray1" name="doLogin" time="0.003"/>
  <system-out/>
  <testcase classname="package12_DataProviderArray.A02_DataproviderArray1" name="doLogin" time="0.013"/>
  <system-out/>
  <testcase classname="package12_DataProviderArray.A02_DataproviderArray1" name="doLogin" time="0.004"/>
  <system-out/>
</testsuite> <!-- package12_DataProviderArray.A02_DataproviderArray1 -->
