<?xml version="1.0" encoding="UTF-8"?>
<!-- Generated by org.testng.reporters.JUnitReportReporter -->
<testsuite hostname="DESKTOP-A3145QO" failures="0" tests="1" name="package14_Screenshot.A02_ScreenshotUtility" time="5.782" errors="0" timestamp="2024-07-07T11:21:51 IST" skipped="0">
  <testcase classname="package14_Screenshot.A02_ScreenshotUtility" name="screenShot" time="5.782"/>
  <system-out/>
</testsuite> <!-- package14_Screenshot.A02_ScreenshotUtility -->
