<?xml version="1.0" encoding="UTF-8"?>
<!-- Generated by org.testng.reporters.JUnitReportReporter -->
<testsuite hostname="DESKTOP-A3145QO" failures="0" tests="3" name="package10_parrExeDataProv.A01_ParrExeDataProv" time="36.225" errors="0" timestamp="2024-07-03T10:26:51 IST" skipped="0">
  <testcase classname="package10_parrExeDataProv.A01_ParrExeDataProv" name="broserSelect" time="9.351"/>
  <system-out/>
  <testcase classname="package10_parrExeDataProv.A01_ParrExeDataProv" name="broserSelect" time="14.996"/>
  <system-out/>
  <testcase classname="package10_parrExeDataProv.A01_ParrExeDataProv" name="broserSelect" time="11.878"/>
  <system-out/>
</testsuite> <!-- package10_parrExeDataProv.A01_ParrExeDataProv -->
