<?xml version="1.0" encoding="UTF-8"?>
<!-- Generated by org.testng.reporters.JUnitReportReporter -->
<testsuite hostname="DESKTOP-A3145QO" failures="0" tests="1" name="package05_DataPassing.A01_DataPassingXML" time="0.018" errors="0" timestamp="2024-06-27T09:40:33 IST" skipped="0">
  <testcase classname="package05_DataPassing.A01_DataPassingXML" name="loginTest" time="0.018"/>
  <system-out/>
</testsuite> <!-- package05_DataPassing.A01_DataPassingXML -->
