<?xml version="1.0" encoding="UTF-8"?>
<!-- Generated by org.testng.reporters.JUnitReportReporter -->
<testsuite hostname="DESKTOP-A3145QO" failures="0" tests="1" name="package07_Assertion.A01_HardAssert1" time="0.024" errors="0" timestamp="2024-06-27T18:29:51 IST" skipped="0">
  <testcase classname="package07_Assertion.A01_HardAssert1" name="hardAssert" time="0.024"/>
  <system-out/>
</testsuite> <!-- package07_Assertion.A01_HardAssert1 -->
