<?xml version="1.0" encoding="UTF-8"?>
<!-- Generated by org.testng.reporters.JUnitReportReporter -->
<testsuite hostname="DESKTOP-A3145QO" failures="0" tests="2" name="package03_TestngRealTime.A01_CRM" time="1.837" errors="0" timestamp="2024-06-27T09:00:50 IST" skipped="0">
  <testcase classname="package03_TestngRealTime.A01_CRM" name="signIN" time="1.122"/>
  <system-out/>
  <testcase classname="package03_TestngRealTime.A01_CRM" name="logIN" time="0.715"/>
  <system-out/>
</testsuite> <!-- package03_TestngRealTime.A01_CRM -->
