<?xml version="1.0" encoding="UTF-8"?>
<!-- Generated by org.testng.reporters.JUnitReportReporter -->
<testsuite hostname="DESKTOP-A3145QO" failures="0" tests="1" name="package15_FullScreenShot.A02_FullScreenShot2" time="7.695" errors="0" timestamp="2024-07-09T19:02:23 IST" skipped="0">
  <testcase classname="package15_FullScreenShot.A02_FullScreenShot2" name="screenShot" time="7.695"/>
  <system-out/>
</testsuite> <!-- package15_FullScreenShot.A02_FullScreenShot2 -->
