<?xml version="1.0" encoding="UTF-8"?>
<!-- Generated by org.testng.reporters.JUnitReportReporter -->
<testsuite hostname="DESKTOP-A3145QO" failures="0" tests="1" name="package14_Screenshot.A01_TakeScreenshot" time="8.607" errors="0" timestamp="2024-07-07T11:11:37 IST" skipped="0">
  <testcase classname="package14_Screenshot.A01_TakeScreenshot" name="screenShot" time="8.607"/>
  <system-out/>
</testsuite> <!-- package14_Screenshot.A01_TakeScreenshot -->
