<?xml version="1.0" encoding="UTF-8"?>
<!-- Generated by org.testng.reporters.JUnitReportReporter -->
<testsuite hostname="DESKTOP-A3145QO" failures="0" tests="3" name="package02_TestngAnnotations.A01_BeforeMethodAfterMethod" time="0.045" errors="0" timestamp="2024-06-19T20:56:15 IST" skipped="0">
  <testcase classname="package02_TestngAnnotations.A01_BeforeMethodAfterMethod" name="registrationTC" time="0.016"/>
  <system-out/>
  <testcase classname="package02_TestngAnnotations.A01_BeforeMethodAfterMethod" name="logINTC" time="0.021"/>
  <system-out/>
  <testcase classname="package02_TestngAnnotations.A01_BeforeMethodAfterMethod" name="searchTC" time="0.008"/>
  <system-out/>
</testsuite> <!-- package02_TestngAnnotations.A01_BeforeMethodAfterMethod -->
