<?xml version="1.0" encoding="UTF-8"?>
<!-- Generated by org.testng.reporters.JUnitReportReporter -->
<testsuite hostname="DESKTOP-A3145QO" failures="0" tests="3" name="package11_POM1.A03_LoginTest" time="2.115" errors="0" timestamp="2024-07-04T08:53:27 IST" skipped="0">
  <testcase classname="package11_POM1.A03_LoginTest" name="verifyURL" time="0.027"/>
  <system-out/>
  <testcase classname="package11_POM1.A03_LoginTest" name="verifyTitle" time="0.015"/>
  <system-out/>
  <testcase classname="package11_POM1.A03_LoginTest" name="login" time="2.073"/>
  <system-out/>
</testsuite> <!-- package11_POM1.A03_LoginTest -->
