<?xml version="1.0" encoding="UTF-8"?>
<!-- Generated by org.testng.reporters.JUnitReportReporter -->
<testsuite hostname="DESKTOP-A3145QO" failures="0" tests="2" name="package01_TestNGDemo.A05_FailedTC" time="0.036" errors="0" timestamp="2024-06-18T10:29:34 IST" skipped="0">
  <testcase classname="package01_TestNGDemo.A05_FailedTC" name="registrationTC" time="0.004"/>
  <system-out/>
  <testcase classname="package01_TestNGDemo.A05_FailedTC" name="registrationTC" time="0.032"/>
  <system-out/>
</testsuite> <!-- package01_TestNGDemo.A05_FailedTC -->
