<?xml version="1.0" encoding="UTF-8"?>
<!-- Generated by org.testng.reporters.JUnitReportReporter -->
<testsuite hostname="DESKTOP-A3145QO" failures="0" tests="1" name="package08_PropertyFile.A02_HrmPropertyFile" time="9.178" errors="0" timestamp="2024-06-27T20:29:12 IST" skipped="0">
  <testcase classname="package08_PropertyFile.A02_HrmPropertyFile" name="hrmLogin" time="9.178"/>
  <system-out/>
</testsuite> <!-- package08_PropertyFile.A02_HrmPropertyFile -->
