<?xml version="1.0" encoding="UTF-8"?>
<!-- Generated by org.testng.reporters.JUnitReportReporter -->
<testsuite hostname="DESKTOP-A3145QO" failures="0" tests="3" name="package02_TestngAnnotations.A02_BeforeClassAfterClass" time="0.021" errors="0" timestamp="2024-06-19T20:52:42 IST" skipped="0">
  <testcase classname="package02_TestngAnnotations.A02_BeforeClassAfterClass" name="registrationTC" time="0.012"/>
  <system-out/>
  <testcase classname="package02_TestngAnnotations.A02_BeforeClassAfterClass" name="logINTC" time="0.004"/>
  <system-out/>
  <testcase classname="package02_TestngAnnotations.A02_BeforeClassAfterClass" name="searchTC" time="0.005"/>
  <system-out/>
</testsuite> <!-- package02_TestngAnnotations.A02_BeforeClassAfterClass -->
