<?xml version="1.0" encoding="UTF-8"?>
<!-- Generated by org.testng.reporters.JUnitReportReporter -->
<testsuite hostname="DESKTOP-A3145QO" failures="0" tests="1" name="package08_PropertyFile.A01_PropertyFile" time="0.018" errors="0" timestamp="2024-06-27T20:22:51 IST" skipped="0">
  <testcase classname="package08_PropertyFile.A01_PropertyFile" name="readPropertyFile" time="0.018"/>
  <system-out/>
</testsuite> <!-- package08_PropertyFile.A01_PropertyFile -->
